<?xml version="1.0" encoding="UTF-8" standalone="no"?>
<testsuite errors="0" failures="0" name="io.cucumber.core.plugin.JUnitFormatter" skipped="0" tests="6" time="31.779">
<testcase classname="TO validate the login functionality of facebook" name="To validate the login functionality with invalid" time="5.149">
<system-out><![CDATA[Given The user must be in the facebook home page............................passed
When The user must fill the "Teja1" and "osbdfjhf"..........................passed
And The user must click the login button....................................passed
Then The user must navigate to the invalid login page.......................passed
]]></system-out>
</testcase>
<testcase classname="TO validate the login functionality of facebook" name="To validate the login functionality with invalid 2" time="5.089">
<system-out><![CDATA[Given The user must be in the facebook home page............................passed
When The user must fill the "Teja2" and "656465465".........................passed
And The user must click the login button....................................passed
Then The user must navigate to the invalid login page.......................passed
]]></system-out>
</testcase>
<testcase classname="TO validate the login functionality of facebook" name="To validate the login functionality with invalid 3" time="5.262">
<system-out><![CDATA[Given The user must be in the facebook home page............................passed
When The user must fill the "Teja3" and "jdgfudgsj445462"...................passed
And The user must click the login button....................................passed
Then The user must navigate to the invalid login page.......................passed
]]></system-out>
</testcase>
<testcase classname="TO validate the login functionality of facebook" name="To validate the login functionality with invalid" time="5.578">
<system-out><![CDATA[Given The user must be in the facebook home page............................passed
When The user must fill the "Madhu1" and "osbdfjhf".........................passed
And The user must click the login button....................................passed
Then The user must navigate to the invalid login page.......................passed
]]></system-out>
</testcase>
<testcase classname="TO validate the login functionality of facebook" name="To validate the login functionality with invalid 2" time="5.273">
<system-out><![CDATA[Given The user must be in the facebook home page............................passed
When The user must fill the "Madhu2" and "656465465"........................passed
And The user must click the login button....................................passed
Then The user must navigate to the invalid login page.......................passed
]]></system-out>
</testcase>
<testcase classname="TO validate the login functionality of facebook" name="To validate the login functionality with invalid 3" time="5.204">
<system-out><![CDATA[Given The user must be in the facebook home page............................passed
When The user must fill the "Madhu3" and "jdgfudgsj445462"..................passed
And The user must click the login button....................................passed
Then The user must navigate to the invalid login page.......................passed
]]></system-out>
</testcase>
</testsuite>
